--------------- Build Started: 03/10/2017 00:49:35 Project: ADC_SingleEndedMode02, Configuration: ARM GCC 4.9-2015-q1-update Debug ---------------
cydsfit.exe -.appdatapath "C:\Users\Keshuai\AppData\Local\Cypress Semiconductor\PSoC Creator\4.0" -.fdsnotice -.fdswarpdepfile=warp_dependencies.txt -.fdselabdepfile=elab_dependencies.txt -.fdsbldfile=generated_files.txt -.fdsreffile=referenced_files.txt -p "C:\Users\Keshuai\Documents\PSoC Creator\ADC_SingleEndedMode01\ADC_SingleEndedMode02.cydsn\ADC_SingleEndedMode02.cyprj" -d CY8C5888LTI-LP097 -s "C:\Users\Keshuai\Documents\PSoC Creator\ADC_SingleEndedMode01\ADC_SingleEndedMode02.cydsn\Generated_Source\PSoC5" -- -yv2 -q10 -ygs -o2 -v3 -.fftcfgtype=LE
Elaborating Design...
HDL Generation...
Synthesis...
Tech Mapping...
ADD: pft.M0040: information: The following 2 pin(s) will be assigned a location by the fitter: \USBUART:Dm(0)\, \USBUART:Dp(0)\
Analog Placement...
Analog Routing...
Analog Code Generation...
Digital Placement...
Digital Routing...
Bitstream Generation...
Bitstream Verification...
Static timing analysis...
API Generation...
Dependency Generation...
Cleanup...
arm-none-eabi-gcc.exe -mcpu=cortex-m3 -mthumb -I. -IGenerated_Source\PSoC5 -Wa,-alh=.\ARM_GCC_493\Debug/main.lst -g -ffunction-sections -O0 -ffat-lto-objects -c main.c -o .\ARM_GCC_493\Debug\main.o
arm-none-eabi-gcc.exe -mcpu=cortex-m3 -mthumb -I. -IGenerated_Source\PSoC5 -Wa,-alh=.\ARM_GCC_493\Debug/USBUART.lst -g -ffunction-sections -O0 -ffat-lto-objects -c Generated_Source\PSoC5\USBUART.c -o .\ARM_GCC_493\Debug\USBUART.o
arm-none-eabi-gcc.exe -mcpu=cortex-m3 -mthumb -I. -IGenerated_Source\PSoC5 -Wa,-alh=.\ARM_GCC_493\Debug/USBUART_audio.lst -g -ffunction-sections -O0 -ffat-lto-objects -c Generated_Source\PSoC5\USBUART_audio.c -o .\ARM_GCC_493\Debug\USBUART_audio.o
arm-none-eabi-gcc.exe -mcpu=cortex-m3 -mthumb -I. -IGenerated_Source\PSoC5 -Wa,-alh=.\ARM_GCC_493\Debug/USBUART_boot.lst -g -ffunction-sections -O0 -ffat-lto-objects -c Generated_Source\PSoC5\USBUART_boot.c -o .\ARM_GCC_493\Debug\USBUART_boot.o
arm-none-eabi-gcc.exe -mcpu=cortex-m3 -mthumb -I. -IGenerated_Source\PSoC5 -Wa,-alh=.\ARM_GCC_493\Debug/USBUART_cdc.lst -g -ffunction-sections -O0 -ffat-lto-objects -c Generated_Source\PSoC5\USBUART_cdc.c -o .\ARM_GCC_493\Debug\USBUART_cdc.o
arm-none-eabi-gcc.exe -mcpu=cortex-m3 -mthumb -I. -IGenerated_Source\PSoC5 -Wa,-alh=.\ARM_GCC_493\Debug/USBUART_cls.lst -g -ffunction-sections -O0 -ffat-lto-objects -c Generated_Source\PSoC5\USBUART_cls.c -o .\ARM_GCC_493\Debug\USBUART_cls.o
arm-none-eabi-gcc.exe -mcpu=cortex-m3 -mthumb -I. -IGenerated_Source\PSoC5 -Wa,-alh=.\ARM_GCC_493\Debug/USBUART_descr.lst -g -ffunction-sections -O0 -ffat-lto-objects -c Generated_Source\PSoC5\USBUART_descr.c -o .\ARM_GCC_493\Debug\USBUART_descr.o
arm-none-eabi-gcc.exe -mcpu=cortex-m3 -mthumb -I. -IGenerated_Source\PSoC5 -Wa,-alh=.\ARM_GCC_493\Debug/USBUART_drv.lst -g -ffunction-sections -O0 -ffat-lto-objects -c Generated_Source\PSoC5\USBUART_drv.c -o .\ARM_GCC_493\Debug\USBUART_drv.o
arm-none-eabi-gcc.exe -mcpu=cortex-m3 -mthumb -I. -IGenerated_Source\PSoC5 -Wa,-alh=.\ARM_GCC_493\Debug/USBUART_episr.lst -g -ffunction-sections -O0 -ffat-lto-objects -c Generated_Source\PSoC5\USBUART_episr.c -o .\ARM_GCC_493\Debug\USBUART_episr.o
arm-none-eabi-gcc.exe -mcpu=cortex-m3 -mthumb -I. -IGenerated_Source\PSoC5 -Wa,-alh=.\ARM_GCC_493\Debug/USBUART_hid.lst -g -ffunction-sections -O0 -ffat-lto-objects -c Generated_Source\PSoC5\USBUART_hid.c -o .\ARM_GCC_493\Debug\USBUART_hid.o
arm-none-eabi-gcc.exe -mcpu=cortex-m3 -mthumb -I. -IGenerated_Source\PSoC5 -Wa,-alh=.\ARM_GCC_493\Debug/USBUART_pm.lst -g -ffunction-sections -O0 -ffat-lto-objects -c Generated_Source\PSoC5\USBUART_pm.c -o .\ARM_GCC_493\Debug\USBUART_pm.o
arm-none-eabi-gcc.exe -mcpu=cortex-m3 -mthumb -I. -IGenerated_Source\PSoC5 -Wa,-alh=.\ARM_GCC_493\Debug/USBUART_std.lst -g -ffunction-sections -O0 -ffat-lto-objects -c Generated_Source\PSoC5\USBUART_std.c -o .\ARM_GCC_493\Debug\USBUART_std.o
arm-none-eabi-gcc.exe -mcpu=cortex-m3 -mthumb -I. -IGenerated_Source\PSoC5 -Wa,-alh=.\ARM_GCC_493\Debug/USBUART_vnd.lst -g -ffunction-sections -O0 -ffat-lto-objects -c Generated_Source\PSoC5\USBUART_vnd.c -o .\ARM_GCC_493\Debug\USBUART_vnd.o
arm-none-eabi-gcc.exe -mcpu=cortex-m3 -mthumb -I. -IGenerated_Source\PSoC5 -Wa,-alh=.\ARM_GCC_493\Debug/USBUART_midi.lst -g -ffunction-sections -O0 -ffat-lto-objects -c Generated_Source\PSoC5\USBUART_midi.c -o .\ARM_GCC_493\Debug\USBUART_midi.o
arm-none-eabi-gcc.exe -mcpu=cortex-m3 -mthumb -I. -IGenerated_Source\PSoC5 -Wa,-alh=.\ARM_GCC_493\Debug/USBUART_msc.lst -g -ffunction-sections -O0 -ffat-lto-objects -c Generated_Source\PSoC5\USBUART_msc.c -o .\ARM_GCC_493\Debug\USBUART_msc.o
arm-none-eabi-ar.exe -rs .\ARM_GCC_493\Debug\ADC_SingleEndedMode02.a .\ARM_GCC_493\Debug\cyfitter_cfg.o .\ARM_GCC_493\Debug\ADC_DelSig_1.o .\ARM_GCC_493\Debug\ADC_DelSig_1_PM.o .\ARM_GCC_493\Debug\ADC_DelSig_1_INT.o .\ARM_GCC_493\Debug\Pin_1.o .\ARM_GCC_493\Debug\LCD.o .\ARM_GCC_493\Debug\LCD_PM.o .\ARM_GCC_493\Debug\ADC_DelSig_1_Ext_CP_Clk.o .\ARM_GCC_493\Debug\ADC_DelSig_1_IRQ.o .\ARM_GCC_493\Debug\ADC_DelSig_1_theACLK.o .\ARM_GCC_493\Debug\LCD_LCDPort.o .\ARM_GCC_493\Debug\CyDmac.o .\ARM_GCC_493\Debug\CyFlash.o .\ARM_GCC_493\Debug\CyLib.o .\ARM_GCC_493\Debug\cyPm.o .\ARM_GCC_493\Debug\CySpc.o .\ARM_GCC_493\Debug\cyutils.o .\ARM_GCC_493\Debug\USBUART.o .\ARM_GCC_493\Debug\USBUART_audio.o .\ARM_GCC_493\Debug\USBUART_boot.o .\ARM_GCC_493\Debug\USBUART_cdc.o .\ARM_GCC_493\Debug\USBUART_cls.o .\ARM_GCC_493\Debug\USBUART_descr.o .\ARM_GCC_493\Debug\USBUART_drv.o .\ARM_GCC_493\Debug\USBUART_episr.o .\ARM_GCC_493\Debug\USBUART_hid.o .\ARM_GCC_493\Debug\USBUART_pm.o .\ARM_GCC_493\Debug\USBUART_std.o .\ARM_GCC_493\Debug\USBUART_vnd.o .\ARM_GCC_493\Debug\USBUART_midi.o .\ARM_GCC_493\Debug\USBUART_msc.o .\ARM_GCC_493\Debug\USBUART_Dm.o .\ARM_GCC_493\Debug\USBUART_Dp.o .\ARM_GCC_493\Debug\Pin_2.o .\ARM_GCC_493\Debug\CyBootAsmGnu.o
arm-none-eabi-ar.exe: creating .\ARM_GCC_493\Debug\ADC_SingleEndedMode02.a
arm-none-eabi-gcc.exe -Wl,--start-group -o .\ARM_GCC_493\Debug\ADC_SingleEndedMode02.elf .\ARM_GCC_493\Debug\main.o .\ARM_GCC_493\Debug\cymetadata.o .\ARM_GCC_493\Debug\Cm3Start.o .\ARM_GCC_493\Debug\ADC_SingleEndedMode02.a "C:\Program Files (x86)\Cypress\PSoC Creator\4.0\PSoC Creator\psoc\content\cycomponentlibrary\CyComponentLibrary.cylib\CortexM3\ARM_GCC_493\Debug\CyComponentLibrary.a" -mcpu=cortex-m3 -mthumb -g -ffunction-sections -O0 -ffat-lto-objects -L Generated_Source\PSoC5 -Wl,-Map,.\ARM_GCC_493\Debug/ADC_SingleEndedMode02.map -T "C:\Users\Keshuai\Documents\PSoC Creator\ADC_SingleEndedMode01\ADC_SingleEndedMode02.cydsn\Generated_Source\PSoC5\cm3gcc.ld" -specs=nano.specs -Wl,--gc-sections -Wl,--end-group
cyelftool.exe -C "C:\Users\Keshuai\Documents\PSoC Creator\ADC_SingleEndedMode01\ADC_SingleEndedMode02.cydsn\ARM_GCC_493\Debug\ADC_SingleEndedMode02.elf" --flash_row_size 256 --flash_size 262144
cyelftool.exe -S "C:\Users\Keshuai\Documents\PSoC Creator\ADC_SingleEndedMode01\ADC_SingleEndedMode02.cydsn\ARM_GCC_493\Debug\ADC_SingleEndedMode02.elf"
Flash used: 18416 of 262144 bytes (7.0 %).
SRAM used: 2909 of 65536 bytes (4.4 %). Stack: 2048 bytes. Heap: 128 bytes.
--------------- Build Succeeded: 03/10/2017 00:49:47 ---------------
