ARM GAS  C:\Users\Keshuai\AppData\Local\Temp\ccf7fzpM.s 			page 1


   1              		.syntax unified
   2              		.cpu cortex-m3
   3              		.fpu softvfp
   4              		.eabi_attribute 20, 1
   5              		.eabi_attribute 21, 1
   6              		.eabi_attribute 23, 3
   7              		.eabi_attribute 24, 1
   8              		.eabi_attribute 25, 1
   9              		.eabi_attribute 26, 1
  10              		.eabi_attribute 30, 6
  11              		.eabi_attribute 34, 1
  12              		.eabi_attribute 18, 4
  13              		.thumb
  14              		.file	"main.c"
  15              		.text
  16              	.Ltext0:
  17              		.cfi_sections	.debug_frame
  18              		.comm	conv,4,4
  19              		.bss
  20              		.align	1
  21              	X_Axis:
  22 0000 0000     		.space	2
  23              		.align	1
  24              	Y_Axis:
  25 0002 0000     		.space	2
  26              		.align	1
  27              	X_Data:
  28 0004 0000     		.space	2
  29              		.align	1
  30              	Y_Data:
  31 0006 0000     		.space	2
  32              		.align	2
  33              	Joystick_Data:
  34 0008 00000000 		.space	64
  34      00000000 
  34      00000000 
  34      00000000 
  34      00000000 
  35              	Buttons:
  36 0048 00       		.space	1
  37 0049 000000   		.section	.text.main,"ax",%progbits
  38              		.align	2
  39              		.global	main
  40              		.thumb
  41              		.thumb_func
  42              		.type	main, %function
  43              	main:
  44              	.LFB63:
  45              		.file 1 "main.c"
   1:main.c        **** /*******************************************************************************
   2:main.c        **** * File Name: main.c
   3:main.c        **** *
   4:main.c        **** * Version: 2.20
   5:main.c        **** *
   6:main.c        **** * Description:
   7:main.c        **** *   This is a source code for example project of ADC single ended mode.
   8:main.c        **** *
ARM GAS  C:\Users\Keshuai\AppData\Local\Temp\ccf7fzpM.s 			page 2


   9:main.c        **** *   Variable resistor(pot) is connected to +ve input of ADC using the I/O pin.
  10:main.c        **** *   P0.0. When voltage to positive terminal of ADC is 0, the output displayed
  11:main.c        **** *   on the LCD pannel is 0x0000. As voltage on positive terminal goes on
  12:main.c        **** *   increasing, the  converted value goes on increasing from 0x0000 and reaches
  13:main.c        **** *   0xFFFF when voltage becomes 1.024V. Futher increase in voltage value,
  14:main.c        **** *   doesn't cause any changes to values displayed in the LCD.
  15:main.c        **** *
  16:main.c        **** * Hardware Connections:
  17:main.c        **** *  Connect analog input from Variable resistor to port P0[0] of DVK1 board.
  18:main.c        **** *
  19:main.c        **** ********************************************************************************
  20:main.c        **** * Copyright 2012-2015, Cypress Semiconductor Corporation. All rights reserved.
  21:main.c        **** * This software is owned by Cypress Semiconductor Corporation and is protected
  22:main.c        **** * by and subject to worldwide patent and copyright laws and treaties.
  23:main.c        **** * Therefore, you may use this software only as provided in the license agreement
  24:main.c        **** * accompanying the software package from which you obtained this software.
  25:main.c        **** * CYPRESS AND ITS SUPPLIERS MAKE NO WARRANTY OF ANY KIND, EXPRESS OR IMPLIED,
  26:main.c        **** * WITH REGARD TO THIS SOFTWARE, INCLUDING, BUT NOT LIMITED TO, NONINFRINGEMENT,
  27:main.c        **** * IMPLIED WARRANTIES OF MERCHANTABILITY AND FITNESS FOR A PARTICULAR PURPOSE.
  28:main.c        **** *******************************************************************************/
  29:main.c        **** 
  30:main.c        **** #include <project.h>
  31:main.c        **** #include "stdio.h"
  32:main.c        **** 
  33:main.c        **** /*******************************************************************************
  34:main.c        **** * Function Name: main
  35:main.c        **** ********************************************************************************
  36:main.c        **** *
  37:main.c        **** * Summary:
  38:main.c        **** *  main() performs following functions:
  39:main.c        **** *  1: Initializes the LCD
  40:main.c        **** *  2: Starts ADC
  41:main.c        **** *  3: Starts ADC converstion.
  42:main.c        **** *  4: Gets the converted result and displays it in LCD.
  43:main.c        **** *
  44:main.c        **** * Parameters:
  45:main.c        **** *  None.
  46:main.c        **** *
  47:main.c        **** * Return:
  48:main.c        **** *  None.
  49:main.c        **** *
  50:main.c        **** *******************************************************************************/
  51:main.c        **** 
  52:main.c        **** #define USBFS_DEVICE    (0u)
  53:main.c        **** 
  54:main.c        **** /* The buffer size is equal to the maximum packet size of the IN and OUT bulk
  55:main.c        **** * endpoints.
  56:main.c        **** */
  57:main.c        **** #define USBUART_BUFFER_SIZE (64u)
  58:main.c        **** #define LINE_STR_LENGTH     (20u)
  59:main.c        **** 
  60:main.c        **** union
  61:main.c        **** {
  62:main.c        ****     int32* integer;
  63:main.c        ****     uint8* byte;
  64:main.c        **** } conv;
  65:main.c        **** 
ARM GAS  C:\Users\Keshuai\AppData\Local\Temp\ccf7fzpM.s 			page 3


  66:main.c        **** static uint16 X_Axis=0, Y_Axis=0;
  67:main.c        **** static int16 X_Data, Y_Data;
  68:main.c        **** static int32 Joystick_Data[16] = {0};
  69:main.c        **** static unsigned char Buttons;
  70:main.c        **** 
  71:main.c        **** 
  72:main.c        **** int main()
  73:main.c        **** {
  46              		.loc 1 73 0
  47              		.cfi_startproc
  48              		@ args = 0, pretend = 0, frame = 72
  49              		@ frame_needed = 1, uses_anonymous_args = 0
  50 0000 80B5     		push	{r7, lr}
  51              		.cfi_def_cfa_offset 8
  52              		.cfi_offset 7, -8
  53              		.cfi_offset 14, -4
  54 0002 92B0     		sub	sp, sp, #72
  55              		.cfi_def_cfa_offset 80
  56 0004 00AF     		add	r7, sp, #0
  57              		.cfi_def_cfa_register 7
  74:main.c        **** 	int32 output;
  75:main.c        **** 		uint16 count;
  76:main.c        **** 	char buffer[USBUART_BUFFER_SIZE];
  77:main.c        **** 	
  78:main.c        **** 		CyGlobalIntEnable;
  58              		.loc 1 78 0
  59              	@ 78 "main.c" 1
  60 0006 62B6     		CPSIE   i
  61              	@ 0 "" 2
  79:main.c        **** 
  80:main.c        **** 	/* Start USBFS operation with 5-V operation. */
  81:main.c        **** 	USBUART_Start(USBFS_DEVICE, USBUART_5V_OPERATION);
  62              		.loc 1 81 0
  63              		.thumb
  64 0008 0020     		movs	r0, #0
  65 000a 0121     		movs	r1, #1
  66 000c FFF7FEFF 		bl	USBUART_Start
  82:main.c        **** 	while(!USBUART_bGetConfiguration());
  67              		.loc 1 82 0
  68 0010 00BF     		nop
  69              	.L2:
  70              		.loc 1 82 0 is_stmt 0 discriminator 1
  71 0012 FFF7FEFF 		bl	USBUART_GetConfiguration
  72 0016 0346     		mov	r3, r0
  73 0018 002B     		cmp	r3, #0
  74 001a FAD0     		beq	.L2
  83:main.c        **** 	//USBUART_CDC_Init();
  84:main.c        **** 
  85:main.c        **** 	/* Start the components */
  86:main.c        **** 
  87:main.c        **** 	ADC_DelSig_1_Start();
  75              		.loc 1 87 0 is_stmt 1
  76 001c FFF7FEFF 		bl	ADC_DelSig_1_Start
  88:main.c        ****     AMuxSeq_1_Start();
  77              		.loc 1 88 0
  78 0020 FFF7FEFF 		bl	AMuxSeq_1_Start
  89:main.c        **** 
ARM GAS  C:\Users\Keshuai\AppData\Local\Temp\ccf7fzpM.s 			page 4


  90:main.c        **** 	/* Start the ADC conversion */
  91:main.c        **** 	ADC_DelSig_1_StartConvert();
  79              		.loc 1 91 0
  80 0024 FFF7FEFF 		bl	ADC_DelSig_1_StartConvert
  92:main.c        ****     
  93:main.c        ****     Joystick_Data[0] = 0x01;
  81              		.loc 1 93 0
  82 0028 214B     		ldr	r3, .L7
  83 002a 0122     		movs	r2, #1
  84 002c 1A60     		str	r2, [r3]
  94:main.c        ****     Joystick_Data[1] = 0x02;
  85              		.loc 1 94 0
  86 002e 204B     		ldr	r3, .L7
  87 0030 0222     		movs	r2, #2
  88 0032 5A60     		str	r2, [r3, #4]
  95:main.c        ****     Joystick_Data[2] = 0x03;
  89              		.loc 1 95 0
  90 0034 1E4B     		ldr	r3, .L7
  91 0036 0322     		movs	r2, #3
  92 0038 9A60     		str	r2, [r3, #8]
  96:main.c        **** 
  97:main.c        **** 	//USBUART_LoadInEP(3, (uint8*)Joystick_Data, 12);
  98:main.c        ****     conv.integer = Joystick_Data;
  93              		.loc 1 98 0
  94 003a 1E4B     		ldr	r3, .L7+4
  95 003c 1C4A     		ldr	r2, .L7
  96 003e 1A60     		str	r2, [r3]
  99:main.c        **** 	
 100:main.c        ****     uint8 channel = 0;
  97              		.loc 1 100 0
  98 0040 0023     		movs	r3, #0
  99 0042 87F84730 		strb	r3, [r7, #71]
 100              	.L6:
 101:main.c        **** 
 102:main.c        **** 	for(;;)
 103:main.c        **** 	{
 104:main.c        **** 		/* Wait for ACK before loading data. */
 105:main.c        ****         //while (0u == USBUART_GetEPAckState(3))
 106:main.c        ****         
 107:main.c        ****         if (USBUART_GetEPState(3) == USBUART_IN_BUFFER_EMPTY){
 101              		.loc 1 107 0
 102 0046 0320     		movs	r0, #3
 103 0048 FFF7FEFF 		bl	USBUART_GetEPState
 104 004c 0346     		mov	r3, r0
 105 004e 012B     		cmp	r3, #1
 106 0050 0CD1     		bne	.L3
 108:main.c        ****         
 109:main.c        ****         Joystick_Data[0] += 0x1000;
 107              		.loc 1 109 0
 108 0052 174B     		ldr	r3, .L7
 109 0054 1B68     		ldr	r3, [r3]
 110 0056 03F58053 		add	r3, r3, #4096
 111 005a 154A     		ldr	r2, .L7
 112 005c 1360     		str	r3, [r2]
 110:main.c        ****         //USBUART_LoadInEP(3, (uint8*){0x01,0x02,0x03,0x04,0x05,0x06,0x07,0x08}, 8);
 111:main.c        ****         USBUART_LoadInEP(3, conv.byte, 64);
 113              		.loc 1 111 0
ARM GAS  C:\Users\Keshuai\AppData\Local\Temp\ccf7fzpM.s 			page 5


 114 005e 154B     		ldr	r3, .L7+4
 115 0060 1B68     		ldr	r3, [r3]
 116 0062 0320     		movs	r0, #3
 117 0064 1946     		mov	r1, r3
 118 0066 4022     		movs	r2, #64
 119 0068 FFF7FEFF 		bl	USBUART_LoadInEP
 120              	.L3:
 112:main.c        ****         }
 113:main.c        ****         
 114:main.c        ****         if(ADC_DelSig_1_IsEndConversion(ADC_DelSig_1_RETURN_STATUS))
 121              		.loc 1 114 0
 122 006c 0120     		movs	r0, #1
 123 006e FFF7FEFF 		bl	ADC_DelSig_1_IsEndConversion
 124 0072 0346     		mov	r3, r0
 125 0074 002B     		cmp	r3, #0
 126 0076 19D0     		beq	.L4
 115:main.c        **** 		{
 116:main.c        ****             
 117:main.c        ****             output = ADC_DelSig_1_GetResult32();           
 127              		.loc 1 117 0
 128 0078 FFF7FEFF 		bl	ADC_DelSig_1_GetResult32
 129 007c 3864     		str	r0, [r7, #64]
 118:main.c        ****             output = (ADC_DelSig_1_CountsTo_uVolts(output)) / 8;
 130              		.loc 1 118 0
 131 007e 386C     		ldr	r0, [r7, #64]
 132 0080 FFF7FEFF 		bl	ADC_DelSig_1_CountsTo_uVolts
 133 0084 0346     		mov	r3, r0
 134 0086 002B     		cmp	r3, #0
 135 0088 00DA     		bge	.L5
 136 008a 0733     		adds	r3, r3, #7
 137              	.L5:
 138 008c DB10     		asrs	r3, r3, #3
 139 008e 3B64     		str	r3, [r7, #64]
 119:main.c        ****             Joystick_Data[AMuxSeq_1_GetChannel()] = output;
 140              		.loc 1 119 0
 141 0090 FFF7FEFF 		bl	AMuxSeq_1_GetChannel
 142 0094 0346     		mov	r3, r0
 143 0096 1946     		mov	r1, r3
 144 0098 054A     		ldr	r2, .L7
 145 009a 3B6C     		ldr	r3, [r7, #64]
 146 009c 42F82130 		str	r3, [r2, r1, lsl #2]
 120:main.c        ****             ADC_DelSig_1_StopConvert();
 147              		.loc 1 120 0
 148 00a0 FFF7FEFF 		bl	ADC_DelSig_1_StopConvert
 121:main.c        ****             AMuxSeq_1_Next();
 149              		.loc 1 121 0
 150 00a4 FFF7FEFF 		bl	AMuxSeq_1_Next
 122:main.c        ****             ADC_DelSig_1_StartConvert();
 151              		.loc 1 122 0
 152 00a8 FFF7FEFF 		bl	ADC_DelSig_1_StartConvert
 153              	.L4:
 123:main.c        ****             
 124:main.c        **** 			//USBUART_LoadInEP(3, (uint8 *)Joystick_Data, 3);
 125:main.c        **** 		}
 126:main.c        **** 	}
 154              		.loc 1 126 0
 155 00ac CBE7     		b	.L6
ARM GAS  C:\Users\Keshuai\AppData\Local\Temp\ccf7fzpM.s 			page 6


 156              	.L8:
 157 00ae 00BF     		.align	2
 158              	.L7:
 159 00b0 08000000 		.word	Joystick_Data
 160 00b4 00000000 		.word	conv
 161              		.cfi_endproc
 162              	.LFE63:
 163              		.size	main, .-main
 164              		.text
 165              	.Letext0:
 166              		.file 2 "c:\\program files (x86)\\cypress\\psoc creator\\4.0\\psoc creator\\import\\gnu\\arm\\4.9.
 167              		.file 3 "c:\\program files (x86)\\cypress\\psoc creator\\4.0\\psoc creator\\import\\gnu\\arm\\4.9.
 168              		.file 4 "Generated_Source\\PSoC5/cytypes.h"
 169              		.file 5 "Generated_Source\\PSoC5/core_cm3.h"
 170              		.section	.debug_info,"",%progbits
 171              	.Ldebug_info0:
 172 0000 ED010000 		.4byte	0x1ed
 173 0004 0400     		.2byte	0x4
 174 0006 00000000 		.4byte	.Ldebug_abbrev0
 175 000a 04       		.byte	0x4
 176 000b 01       		.uleb128 0x1
 177 000c 27000000 		.4byte	.LASF32
 178 0010 01       		.byte	0x1
 179 0011 D1010000 		.4byte	.LASF33
 180 0015 B5000000 		.4byte	.LASF34
 181 0019 00000000 		.4byte	.Ldebug_ranges0+0
 182 001d 00000000 		.4byte	0
 183 0021 00000000 		.4byte	.Ldebug_line0
 184 0025 02       		.uleb128 0x2
 185 0026 01       		.byte	0x1
 186 0027 06       		.byte	0x6
 187 0028 1A010000 		.4byte	.LASF0
 188 002c 02       		.uleb128 0x2
 189 002d 01       		.byte	0x1
 190 002e 08       		.byte	0x8
 191 002f 26010000 		.4byte	.LASF1
 192 0033 02       		.uleb128 0x2
 193 0034 02       		.byte	0x2
 194 0035 05       		.byte	0x5
 195 0036 EA010000 		.4byte	.LASF2
 196 003a 02       		.uleb128 0x2
 197 003b 02       		.byte	0x2
 198 003c 07       		.byte	0x7
 199 003d 18020000 		.4byte	.LASF3
 200 0041 03       		.uleb128 0x3
 201 0042 16000000 		.4byte	.LASF9
 202 0046 02       		.byte	0x2
 203 0047 3F       		.byte	0x3f
 204 0048 4C000000 		.4byte	0x4c
 205 004c 02       		.uleb128 0x2
 206 004d 04       		.byte	0x4
 207 004e 05       		.byte	0x5
 208 004f 03020000 		.4byte	.LASF4
 209 0053 02       		.uleb128 0x2
 210 0054 04       		.byte	0x4
 211 0055 07       		.byte	0x7
 212 0056 42010000 		.4byte	.LASF5
ARM GAS  C:\Users\Keshuai\AppData\Local\Temp\ccf7fzpM.s 			page 7


 213 005a 02       		.uleb128 0x2
 214 005b 08       		.byte	0x8
 215 005c 05       		.byte	0x5
 216 005d C3010000 		.4byte	.LASF6
 217 0061 02       		.uleb128 0x2
 218 0062 08       		.byte	0x8
 219 0063 07       		.byte	0x7
 220 0064 87010000 		.4byte	.LASF7
 221 0068 04       		.uleb128 0x4
 222 0069 04       		.byte	0x4
 223 006a 05       		.byte	0x5
 224 006b 696E7400 		.ascii	"int\000"
 225 006f 02       		.uleb128 0x2
 226 0070 04       		.byte	0x4
 227 0071 07       		.byte	0x7
 228 0072 7A010000 		.4byte	.LASF8
 229 0076 03       		.uleb128 0x3
 230 0077 B2010000 		.4byte	.LASF10
 231 007b 03       		.byte	0x3
 232 007c 2C       		.byte	0x2c
 233 007d 41000000 		.4byte	0x41
 234 0081 05       		.uleb128 0x5
 235 0082 AC010000 		.4byte	.LASF11
 236 0086 04       		.byte	0x4
 237 0087 9201     		.2byte	0x192
 238 0089 2C000000 		.4byte	0x2c
 239 008d 05       		.uleb128 0x5
 240 008e 73010000 		.4byte	.LASF12
 241 0092 04       		.byte	0x4
 242 0093 9301     		.2byte	0x193
 243 0095 3A000000 		.4byte	0x3a
 244 0099 05       		.uleb128 0x5
 245 009a 3C010000 		.4byte	.LASF13
 246 009e 04       		.byte	0x4
 247 009f 9601     		.2byte	0x196
 248 00a1 33000000 		.4byte	0x33
 249 00a5 05       		.uleb128 0x5
 250 00a6 54010000 		.4byte	.LASF14
 251 00aa 04       		.byte	0x4
 252 00ab 9701     		.2byte	0x197
 253 00ad 4C000000 		.4byte	0x4c
 254 00b1 02       		.uleb128 0x2
 255 00b2 04       		.byte	0x4
 256 00b3 04       		.byte	0x4
 257 00b4 14010000 		.4byte	.LASF15
 258 00b8 02       		.uleb128 0x2
 259 00b9 08       		.byte	0x8
 260 00ba 04       		.byte	0x4
 261 00bb 11020000 		.4byte	.LASF16
 262 00bf 02       		.uleb128 0x2
 263 00c0 01       		.byte	0x1
 264 00c1 08       		.byte	0x8
 265 00c2 D8010000 		.4byte	.LASF17
 266 00c6 02       		.uleb128 0x2
 267 00c7 04       		.byte	0x4
 268 00c8 07       		.byte	0x7
 269 00c9 BA010000 		.4byte	.LASF18
ARM GAS  C:\Users\Keshuai\AppData\Local\Temp\ccf7fzpM.s 			page 8


 270 00cd 06       		.uleb128 0x6
 271 00ce 04       		.byte	0x4
 272 00cf 01       		.byte	0x1
 273 00d0 3C       		.byte	0x3c
 274 00d1 EC000000 		.4byte	0xec
 275 00d5 07       		.uleb128 0x7
 276 00d6 FB010000 		.4byte	.LASF19
 277 00da 01       		.byte	0x1
 278 00db 3E       		.byte	0x3e
 279 00dc EC000000 		.4byte	0xec
 280 00e0 07       		.uleb128 0x7
 281 00e1 0F010000 		.4byte	.LASF20
 282 00e5 01       		.byte	0x1
 283 00e6 3F       		.byte	0x3f
 284 00e7 F2000000 		.4byte	0xf2
 285 00eb 00       		.byte	0
 286 00ec 08       		.uleb128 0x8
 287 00ed 04       		.byte	0x4
 288 00ee A5000000 		.4byte	0xa5
 289 00f2 08       		.uleb128 0x8
 290 00f3 04       		.byte	0x4
 291 00f4 81000000 		.4byte	0x81
 292 00f8 09       		.uleb128 0x9
 293 00f9 6E010000 		.4byte	.LASF35
 294 00fd 01       		.byte	0x1
 295 00fe 48       		.byte	0x48
 296 00ff 68000000 		.4byte	0x68
 297 0103 00000000 		.4byte	.LFB63
 298 0107 B8000000 		.4byte	.LFE63-.LFB63
 299 010b 01       		.uleb128 0x1
 300 010c 9C       		.byte	0x9c
 301 010d 48010000 		.4byte	0x148
 302 0111 0A       		.uleb128 0xa
 303 0112 F4010000 		.4byte	.LASF21
 304 0116 01       		.byte	0x1
 305 0117 4A       		.byte	0x4a
 306 0118 A5000000 		.4byte	0xa5
 307 011c 02       		.uleb128 0x2
 308 011d 91       		.byte	0x91
 309 011e 70       		.sleb128 -16
 310 011f 0B       		.uleb128 0xb
 311 0120 E4010000 		.4byte	.LASF36
 312 0124 01       		.byte	0x1
 313 0125 4B       		.byte	0x4b
 314 0126 8D000000 		.4byte	0x8d
 315 012a 0A       		.uleb128 0xa
 316 012b 08000000 		.4byte	.LASF22
 317 012f 01       		.byte	0x1
 318 0130 4C       		.byte	0x4c
 319 0131 48010000 		.4byte	0x148
 320 0135 03       		.uleb128 0x3
 321 0136 91       		.byte	0x91
 322 0137 B07F     		.sleb128 -80
 323 0139 0A       		.uleb128 0xa
 324 013a 00000000 		.4byte	.LASF23
 325 013e 01       		.byte	0x1
 326 013f 64       		.byte	0x64
ARM GAS  C:\Users\Keshuai\AppData\Local\Temp\ccf7fzpM.s 			page 9


 327 0140 81000000 		.4byte	0x81
 328 0144 02       		.uleb128 0x2
 329 0145 91       		.byte	0x91
 330 0146 77       		.sleb128 -9
 331 0147 00       		.byte	0
 332 0148 0C       		.uleb128 0xc
 333 0149 BF000000 		.4byte	0xbf
 334 014d 58010000 		.4byte	0x158
 335 0151 0D       		.uleb128 0xd
 336 0152 C6000000 		.4byte	0xc6
 337 0156 3F       		.byte	0x3f
 338 0157 00       		.byte	0
 339 0158 0A       		.uleb128 0xa
 340 0159 DD010000 		.4byte	.LASF24
 341 015d 01       		.byte	0x1
 342 015e 42       		.byte	0x42
 343 015f 8D000000 		.4byte	0x8d
 344 0163 05       		.uleb128 0x5
 345 0164 03       		.byte	0x3
 346 0165 00000000 		.4byte	X_Axis
 347 0169 0A       		.uleb128 0xa
 348 016a 20000000 		.4byte	.LASF25
 349 016e 01       		.byte	0x1
 350 016f 42       		.byte	0x42
 351 0170 8D000000 		.4byte	0x8d
 352 0174 05       		.uleb128 0x5
 353 0175 03       		.byte	0x3
 354 0176 02000000 		.4byte	Y_Axis
 355 017a 0A       		.uleb128 0xa
 356 017b 0F000000 		.4byte	.LASF26
 357 017f 01       		.byte	0x1
 358 0180 43       		.byte	0x43
 359 0181 99000000 		.4byte	0x99
 360 0185 05       		.uleb128 0x5
 361 0186 03       		.byte	0x3
 362 0187 04000000 		.4byte	X_Data
 363 018b 0A       		.uleb128 0xa
 364 018c 67010000 		.4byte	.LASF27
 365 0190 01       		.byte	0x1
 366 0191 43       		.byte	0x43
 367 0192 99000000 		.4byte	0x99
 368 0196 05       		.uleb128 0x5
 369 0197 03       		.byte	0x3
 370 0198 06000000 		.4byte	Y_Data
 371 019c 0C       		.uleb128 0xc
 372 019d A5000000 		.4byte	0xa5
 373 01a1 AC010000 		.4byte	0x1ac
 374 01a5 0D       		.uleb128 0xd
 375 01a6 C6000000 		.4byte	0xc6
 376 01aa 0F       		.byte	0xf
 377 01ab 00       		.byte	0
 378 01ac 0A       		.uleb128 0xa
 379 01ad 9E010000 		.4byte	.LASF28
 380 01b1 01       		.byte	0x1
 381 01b2 44       		.byte	0x44
 382 01b3 9C010000 		.4byte	0x19c
 383 01b7 05       		.uleb128 0x5
ARM GAS  C:\Users\Keshuai\AppData\Local\Temp\ccf7fzpM.s 			page 10


 384 01b8 03       		.byte	0x3
 385 01b9 08000000 		.4byte	Joystick_Data
 386 01bd 0A       		.uleb128 0xa
 387 01be 34010000 		.4byte	.LASF29
 388 01c2 01       		.byte	0x1
 389 01c3 45       		.byte	0x45
 390 01c4 2C000000 		.4byte	0x2c
 391 01c8 05       		.uleb128 0x5
 392 01c9 03       		.byte	0x3
 393 01ca 48000000 		.4byte	Buttons
 394 01ce 0E       		.uleb128 0xe
 395 01cf 5A010000 		.4byte	.LASF30
 396 01d3 05       		.byte	0x5
 397 01d4 9606     		.2byte	0x696
 398 01d6 DA010000 		.4byte	0x1da
 399 01da 0F       		.uleb128 0xf
 400 01db 76000000 		.4byte	0x76
 401 01df 10       		.uleb128 0x10
 402 01e0 0C020000 		.4byte	.LASF31
 403 01e4 01       		.byte	0x1
 404 01e5 40       		.byte	0x40
 405 01e6 CD000000 		.4byte	0xcd
 406 01ea 05       		.uleb128 0x5
 407 01eb 03       		.byte	0x3
 408 01ec 00000000 		.4byte	conv
 409 01f0 00       		.byte	0
 410              		.section	.debug_abbrev,"",%progbits
 411              	.Ldebug_abbrev0:
 412 0000 01       		.uleb128 0x1
 413 0001 11       		.uleb128 0x11
 414 0002 01       		.byte	0x1
 415 0003 25       		.uleb128 0x25
 416 0004 0E       		.uleb128 0xe
 417 0005 13       		.uleb128 0x13
 418 0006 0B       		.uleb128 0xb
 419 0007 03       		.uleb128 0x3
 420 0008 0E       		.uleb128 0xe
 421 0009 1B       		.uleb128 0x1b
 422 000a 0E       		.uleb128 0xe
 423 000b 55       		.uleb128 0x55
 424 000c 17       		.uleb128 0x17
 425 000d 11       		.uleb128 0x11
 426 000e 01       		.uleb128 0x1
 427 000f 10       		.uleb128 0x10
 428 0010 17       		.uleb128 0x17
 429 0011 00       		.byte	0
 430 0012 00       		.byte	0
 431 0013 02       		.uleb128 0x2
 432 0014 24       		.uleb128 0x24
 433 0015 00       		.byte	0
 434 0016 0B       		.uleb128 0xb
 435 0017 0B       		.uleb128 0xb
 436 0018 3E       		.uleb128 0x3e
 437 0019 0B       		.uleb128 0xb
 438 001a 03       		.uleb128 0x3
 439 001b 0E       		.uleb128 0xe
 440 001c 00       		.byte	0
ARM GAS  C:\Users\Keshuai\AppData\Local\Temp\ccf7fzpM.s 			page 11


 441 001d 00       		.byte	0
 442 001e 03       		.uleb128 0x3
 443 001f 16       		.uleb128 0x16
 444 0020 00       		.byte	0
 445 0021 03       		.uleb128 0x3
 446 0022 0E       		.uleb128 0xe
 447 0023 3A       		.uleb128 0x3a
 448 0024 0B       		.uleb128 0xb
 449 0025 3B       		.uleb128 0x3b
 450 0026 0B       		.uleb128 0xb
 451 0027 49       		.uleb128 0x49
 452 0028 13       		.uleb128 0x13
 453 0029 00       		.byte	0
 454 002a 00       		.byte	0
 455 002b 04       		.uleb128 0x4
 456 002c 24       		.uleb128 0x24
 457 002d 00       		.byte	0
 458 002e 0B       		.uleb128 0xb
 459 002f 0B       		.uleb128 0xb
 460 0030 3E       		.uleb128 0x3e
 461 0031 0B       		.uleb128 0xb
 462 0032 03       		.uleb128 0x3
 463 0033 08       		.uleb128 0x8
 464 0034 00       		.byte	0
 465 0035 00       		.byte	0
 466 0036 05       		.uleb128 0x5
 467 0037 16       		.uleb128 0x16
 468 0038 00       		.byte	0
 469 0039 03       		.uleb128 0x3
 470 003a 0E       		.uleb128 0xe
 471 003b 3A       		.uleb128 0x3a
 472 003c 0B       		.uleb128 0xb
 473 003d 3B       		.uleb128 0x3b
 474 003e 05       		.uleb128 0x5
 475 003f 49       		.uleb128 0x49
 476 0040 13       		.uleb128 0x13
 477 0041 00       		.byte	0
 478 0042 00       		.byte	0
 479 0043 06       		.uleb128 0x6
 480 0044 17       		.uleb128 0x17
 481 0045 01       		.byte	0x1
 482 0046 0B       		.uleb128 0xb
 483 0047 0B       		.uleb128 0xb
 484 0048 3A       		.uleb128 0x3a
 485 0049 0B       		.uleb128 0xb
 486 004a 3B       		.uleb128 0x3b
 487 004b 0B       		.uleb128 0xb
 488 004c 01       		.uleb128 0x1
 489 004d 13       		.uleb128 0x13
 490 004e 00       		.byte	0
 491 004f 00       		.byte	0
 492 0050 07       		.uleb128 0x7
 493 0051 0D       		.uleb128 0xd
 494 0052 00       		.byte	0
 495 0053 03       		.uleb128 0x3
 496 0054 0E       		.uleb128 0xe
 497 0055 3A       		.uleb128 0x3a
ARM GAS  C:\Users\Keshuai\AppData\Local\Temp\ccf7fzpM.s 			page 12


 498 0056 0B       		.uleb128 0xb
 499 0057 3B       		.uleb128 0x3b
 500 0058 0B       		.uleb128 0xb
 501 0059 49       		.uleb128 0x49
 502 005a 13       		.uleb128 0x13
 503 005b 00       		.byte	0
 504 005c 00       		.byte	0
 505 005d 08       		.uleb128 0x8
 506 005e 0F       		.uleb128 0xf
 507 005f 00       		.byte	0
 508 0060 0B       		.uleb128 0xb
 509 0061 0B       		.uleb128 0xb
 510 0062 49       		.uleb128 0x49
 511 0063 13       		.uleb128 0x13
 512 0064 00       		.byte	0
 513 0065 00       		.byte	0
 514 0066 09       		.uleb128 0x9
 515 0067 2E       		.uleb128 0x2e
 516 0068 01       		.byte	0x1
 517 0069 3F       		.uleb128 0x3f
 518 006a 19       		.uleb128 0x19
 519 006b 03       		.uleb128 0x3
 520 006c 0E       		.uleb128 0xe
 521 006d 3A       		.uleb128 0x3a
 522 006e 0B       		.uleb128 0xb
 523 006f 3B       		.uleb128 0x3b
 524 0070 0B       		.uleb128 0xb
 525 0071 49       		.uleb128 0x49
 526 0072 13       		.uleb128 0x13
 527 0073 11       		.uleb128 0x11
 528 0074 01       		.uleb128 0x1
 529 0075 12       		.uleb128 0x12
 530 0076 06       		.uleb128 0x6
 531 0077 40       		.uleb128 0x40
 532 0078 18       		.uleb128 0x18
 533 0079 9642     		.uleb128 0x2116
 534 007b 19       		.uleb128 0x19
 535 007c 01       		.uleb128 0x1
 536 007d 13       		.uleb128 0x13
 537 007e 00       		.byte	0
 538 007f 00       		.byte	0
 539 0080 0A       		.uleb128 0xa
 540 0081 34       		.uleb128 0x34
 541 0082 00       		.byte	0
 542 0083 03       		.uleb128 0x3
 543 0084 0E       		.uleb128 0xe
 544 0085 3A       		.uleb128 0x3a
 545 0086 0B       		.uleb128 0xb
 546 0087 3B       		.uleb128 0x3b
 547 0088 0B       		.uleb128 0xb
 548 0089 49       		.uleb128 0x49
 549 008a 13       		.uleb128 0x13
 550 008b 02       		.uleb128 0x2
 551 008c 18       		.uleb128 0x18
 552 008d 00       		.byte	0
 553 008e 00       		.byte	0
 554 008f 0B       		.uleb128 0xb
ARM GAS  C:\Users\Keshuai\AppData\Local\Temp\ccf7fzpM.s 			page 13


 555 0090 34       		.uleb128 0x34
 556 0091 00       		.byte	0
 557 0092 03       		.uleb128 0x3
 558 0093 0E       		.uleb128 0xe
 559 0094 3A       		.uleb128 0x3a
 560 0095 0B       		.uleb128 0xb
 561 0096 3B       		.uleb128 0x3b
 562 0097 0B       		.uleb128 0xb
 563 0098 49       		.uleb128 0x49
 564 0099 13       		.uleb128 0x13
 565 009a 00       		.byte	0
 566 009b 00       		.byte	0
 567 009c 0C       		.uleb128 0xc
 568 009d 01       		.uleb128 0x1
 569 009e 01       		.byte	0x1
 570 009f 49       		.uleb128 0x49
 571 00a0 13       		.uleb128 0x13
 572 00a1 01       		.uleb128 0x1
 573 00a2 13       		.uleb128 0x13
 574 00a3 00       		.byte	0
 575 00a4 00       		.byte	0
 576 00a5 0D       		.uleb128 0xd
 577 00a6 21       		.uleb128 0x21
 578 00a7 00       		.byte	0
 579 00a8 49       		.uleb128 0x49
 580 00a9 13       		.uleb128 0x13
 581 00aa 2F       		.uleb128 0x2f
 582 00ab 0B       		.uleb128 0xb
 583 00ac 00       		.byte	0
 584 00ad 00       		.byte	0
 585 00ae 0E       		.uleb128 0xe
 586 00af 34       		.uleb128 0x34
 587 00b0 00       		.byte	0
 588 00b1 03       		.uleb128 0x3
 589 00b2 0E       		.uleb128 0xe
 590 00b3 3A       		.uleb128 0x3a
 591 00b4 0B       		.uleb128 0xb
 592 00b5 3B       		.uleb128 0x3b
 593 00b6 05       		.uleb128 0x5
 594 00b7 49       		.uleb128 0x49
 595 00b8 13       		.uleb128 0x13
 596 00b9 3F       		.uleb128 0x3f
 597 00ba 19       		.uleb128 0x19
 598 00bb 3C       		.uleb128 0x3c
 599 00bc 19       		.uleb128 0x19
 600 00bd 00       		.byte	0
 601 00be 00       		.byte	0
 602 00bf 0F       		.uleb128 0xf
 603 00c0 35       		.uleb128 0x35
 604 00c1 00       		.byte	0
 605 00c2 49       		.uleb128 0x49
 606 00c3 13       		.uleb128 0x13
 607 00c4 00       		.byte	0
 608 00c5 00       		.byte	0
 609 00c6 10       		.uleb128 0x10
 610 00c7 34       		.uleb128 0x34
 611 00c8 00       		.byte	0
ARM GAS  C:\Users\Keshuai\AppData\Local\Temp\ccf7fzpM.s 			page 14


 612 00c9 03       		.uleb128 0x3
 613 00ca 0E       		.uleb128 0xe
 614 00cb 3A       		.uleb128 0x3a
 615 00cc 0B       		.uleb128 0xb
 616 00cd 3B       		.uleb128 0x3b
 617 00ce 0B       		.uleb128 0xb
 618 00cf 49       		.uleb128 0x49
 619 00d0 13       		.uleb128 0x13
 620 00d1 3F       		.uleb128 0x3f
 621 00d2 19       		.uleb128 0x19
 622 00d3 02       		.uleb128 0x2
 623 00d4 18       		.uleb128 0x18
 624 00d5 00       		.byte	0
 625 00d6 00       		.byte	0
 626 00d7 00       		.byte	0
 627              		.section	.debug_aranges,"",%progbits
 628 0000 1C000000 		.4byte	0x1c
 629 0004 0200     		.2byte	0x2
 630 0006 00000000 		.4byte	.Ldebug_info0
 631 000a 04       		.byte	0x4
 632 000b 00       		.byte	0
 633 000c 0000     		.2byte	0
 634 000e 0000     		.2byte	0
 635 0010 00000000 		.4byte	.LFB63
 636 0014 B8000000 		.4byte	.LFE63-.LFB63
 637 0018 00000000 		.4byte	0
 638 001c 00000000 		.4byte	0
 639              		.section	.debug_ranges,"",%progbits
 640              	.Ldebug_ranges0:
 641 0000 00000000 		.4byte	.LFB63
 642 0004 B8000000 		.4byte	.LFE63
 643 0008 00000000 		.4byte	0
 644 000c 00000000 		.4byte	0
 645              		.section	.debug_line,"",%progbits
 646              	.Ldebug_line0:
 647 0000 7A010000 		.section	.debug_str,"MS",%progbits,1
 647      02004701 
 647      00000201 
 647      FB0E0D00 
 647      01010101 
 648              	.LASF23:
 649 0000 6368616E 		.ascii	"channel\000"
 649      6E656C00 
 650              	.LASF22:
 651 0008 62756666 		.ascii	"buffer\000"
 651      657200
 652              	.LASF26:
 653 000f 585F4461 		.ascii	"X_Data\000"
 653      746100
 654              	.LASF9:
 655 0016 5F5F696E 		.ascii	"__int32_t\000"
 655      7433325F 
 655      7400
 656              	.LASF25:
 657 0020 595F4178 		.ascii	"Y_Axis\000"
 657      697300
 658              	.LASF32:
ARM GAS  C:\Users\Keshuai\AppData\Local\Temp\ccf7fzpM.s 			page 15


 659 0027 474E5520 		.ascii	"GNU C 4.9.3 20150303 (release) [ARM/embedded-4_9-br"
 659      4320342E 
 659      392E3320 
 659      32303135 
 659      30333033 
 660 005a 616E6368 		.ascii	"anch revision 221220] -mcpu=cortex-m3 -mthumb -g -O"
 660      20726576 
 660      6973696F 
 660      6E203232 
 660      31323230 
 661 008d 30202D66 		.ascii	"0 -ffunction-sections -ffat-lto-objects\000"
 661      66756E63 
 661      74696F6E 
 661      2D736563 
 661      74696F6E 
 662              	.LASF34:
 663 00b5 433A5C55 		.ascii	"C:\\Users\\Keshuai\\Documents\\PSoC Creator\\ADC_Si"
 663      73657273 
 663      5C4B6573 
 663      68756169 
 663      5C446F63 
 664 00e3 6E676C65 		.ascii	"ngleEndedMode01\\ADC_SingleEndedMode02.cydsn\000"
 664      456E6465 
 664      644D6F64 
 664      6530315C 
 664      4144435F 
 665              	.LASF20:
 666 010f 62797465 		.ascii	"byte\000"
 666      00
 667              	.LASF15:
 668 0114 666C6F61 		.ascii	"float\000"
 668      7400
 669              	.LASF0:
 670 011a 7369676E 		.ascii	"signed char\000"
 670      65642063 
 670      68617200 
 671              	.LASF1:
 672 0126 756E7369 		.ascii	"unsigned char\000"
 672      676E6564 
 672      20636861 
 672      7200
 673              	.LASF29:
 674 0134 42757474 		.ascii	"Buttons\000"
 674      6F6E7300 
 675              	.LASF13:
 676 013c 696E7431 		.ascii	"int16\000"
 676      3600
 677              	.LASF5:
 678 0142 6C6F6E67 		.ascii	"long unsigned int\000"
 678      20756E73 
 678      69676E65 
 678      6420696E 
 678      7400
 679              	.LASF14:
 680 0154 696E7433 		.ascii	"int32\000"
 680      3200
 681              	.LASF30:
ARM GAS  C:\Users\Keshuai\AppData\Local\Temp\ccf7fzpM.s 			page 16


 682 015a 49544D5F 		.ascii	"ITM_RxBuffer\000"
 682      52784275 
 682      66666572 
 682      00
 683              	.LASF27:
 684 0167 595F4461 		.ascii	"Y_Data\000"
 684      746100
 685              	.LASF35:
 686 016e 6D61696E 		.ascii	"main\000"
 686      00
 687              	.LASF12:
 688 0173 75696E74 		.ascii	"uint16\000"
 688      313600
 689              	.LASF8:
 690 017a 756E7369 		.ascii	"unsigned int\000"
 690      676E6564 
 690      20696E74 
 690      00
 691              	.LASF7:
 692 0187 6C6F6E67 		.ascii	"long long unsigned int\000"
 692      206C6F6E 
 692      6720756E 
 692      7369676E 
 692      65642069 
 693              	.LASF28:
 694 019e 4A6F7973 		.ascii	"Joystick_Data\000"
 694      7469636B 
 694      5F446174 
 694      6100
 695              	.LASF11:
 696 01ac 75696E74 		.ascii	"uint8\000"
 696      3800
 697              	.LASF10:
 698 01b2 696E7433 		.ascii	"int32_t\000"
 698      325F7400 
 699              	.LASF18:
 700 01ba 73697A65 		.ascii	"sizetype\000"
 700      74797065 
 700      00
 701              	.LASF6:
 702 01c3 6C6F6E67 		.ascii	"long long int\000"
 702      206C6F6E 
 702      6720696E 
 702      7400
 703              	.LASF33:
 704 01d1 6D61696E 		.ascii	"main.c\000"
 704      2E6300
 705              	.LASF17:
 706 01d8 63686172 		.ascii	"char\000"
 706      00
 707              	.LASF24:
 708 01dd 585F4178 		.ascii	"X_Axis\000"
 708      697300
 709              	.LASF36:
 710 01e4 636F756E 		.ascii	"count\000"
 710      7400
 711              	.LASF2:
ARM GAS  C:\Users\Keshuai\AppData\Local\Temp\ccf7fzpM.s 			page 17


 712 01ea 73686F72 		.ascii	"short int\000"
 712      7420696E 
 712      7400
 713              	.LASF21:
 714 01f4 6F757470 		.ascii	"output\000"
 714      757400
 715              	.LASF19:
 716 01fb 696E7465 		.ascii	"integer\000"
 716      67657200 
 717              	.LASF4:
 718 0203 6C6F6E67 		.ascii	"long int\000"
 718      20696E74 
 718      00
 719              	.LASF31:
 720 020c 636F6E76 		.ascii	"conv\000"
 720      00
 721              	.LASF16:
 722 0211 646F7562 		.ascii	"double\000"
 722      6C6500
 723              	.LASF3:
 724 0218 73686F72 		.ascii	"short unsigned int\000"
 724      7420756E 
 724      7369676E 
 724      65642069 
 724      6E7400
 725              		.ident	"GCC: (GNU Tools for ARM Embedded Processors) 4.9.3 20150303 (release) [ARM/embedded-4_9-br
